	github.com/colton/futurebuild/cmd/api		coverage: 0.0% of statements
	github.com/colton/futurebuild/cmd/seed-demo		coverage: 0.0% of statements
	github.com/colton/futurebuild/cmd/worker		coverage: 0.0% of statements
	github.com/colton/futurebuild/internal/adapters		coverage: 0.0% of statements
ok  	github.com/colton/futurebuild/internal/agents	0.019s	coverage: 16.7% of statements
	github.com/colton/futurebuild/internal/agents/tools		coverage: 0.0% of statements
ok  	github.com/colton/futurebuild/internal/api/handlers	0.026s	coverage: 8.1% of statements
	github.com/colton/futurebuild/internal/api/response		coverage: 0.0% of statements
	github.com/colton/futurebuild/internal/audit		coverage: 0.0% of statements
ok  	github.com/colton/futurebuild/internal/auth	0.004s	coverage: 100.0% of statements
	github.com/colton/futurebuild/internal/chaos		coverage: 0.0% of statements
ok  	github.com/colton/futurebuild/internal/chat	0.007s	coverage: 38.3% of statements
	github.com/colton/futurebuild/internal/config		coverage: 0.0% of statements
	github.com/colton/futurebuild/internal/data		coverage: 0.0% of statements
	github.com/colton/futurebuild/internal/futureshade		coverage: 0.0% of statements
ok  	github.com/colton/futurebuild/internal/futureshade/gateway	0.005s	coverage: 10.5% of statements
?   	github.com/colton/futurebuild/internal/futureshade/interfaces	[no test files]
ok  	github.com/colton/futurebuild/internal/futureshade/skills	0.006s	coverage: 41.2% of statements
ok  	github.com/colton/futurebuild/internal/futureshade/tribunal	0.004s	coverage: 28.1% of statements
?   	github.com/colton/futurebuild/internal/futureshade/types	[no test files]
ok  	github.com/colton/futurebuild/internal/middleware	0.036s	coverage: 27.9% of statements
ok  	github.com/colton/futurebuild/internal/models	0.004s	coverage: 0.0% of statements
ok  	github.com/colton/futurebuild/internal/physics	0.006s	coverage: 89.9% of statements
	github.com/colton/futurebuild/internal/platform/db		coverage: 0.0% of statements
	github.com/colton/futurebuild/internal/platform/errormon		coverage: 0.0% of statements
?   	github.com/colton/futurebuild/internal/platform/metrics	[no test files]
	github.com/colton/futurebuild/internal/prompts		coverage: 0.0% of statements
	github.com/colton/futurebuild/internal/rag		coverage: 0.0% of statements
ok  	github.com/colton/futurebuild/internal/readiness	0.011s	coverage: 23.5% of statements
	github.com/colton/futurebuild/internal/server		coverage: 0.0% of statements
ok  	github.com/colton/futurebuild/internal/service	0.121s	coverage: 10.2% of statements
	github.com/colton/futurebuild/internal/service/mocks		coverage: 0.0% of statements
ok  	github.com/colton/futurebuild/internal/worker	0.005s	coverage: 2.4% of statements
ok  	github.com/colton/futurebuild/pkg/a2a	0.003s	coverage: 100.0% of statements
	github.com/colton/futurebuild/pkg/ai		coverage: 0.0% of statements
ok  	github.com/colton/futurebuild/pkg/clock	0.002s	coverage: 100.0% of statements
?   	github.com/colton/futurebuild/pkg/httputil	[no test files]
	github.com/colton/futurebuild/pkg/storage		coverage: 0.0% of statements
	github.com/colton/futurebuild/pkg/sync		coverage: 0.0% of statements
ok  	github.com/colton/futurebuild/pkg/types	0.003s	coverage: 76.7% of statements
	github.com/colton/futurebuild/scripts		coverage: 0.0% of statements
	github.com/colton/futurebuild/scripts/utils		coverage: 0.0% of statements
ok  	github.com/colton/futurebuild/test/e2e	0.007s	coverage: [no statements]
ok  	github.com/colton/futurebuild/test/integration	19.482s	coverage: [no statements]
ok  	github.com/colton/futurebuild/test/simulation	3.210s	coverage: [no statements]
	github.com/colton/futurebuild/test/simulation/mocks		coverage: 0.0% of statements
	github.com/colton/futurebuild/test/testhelpers		coverage: 0.0% of statements
